Log file open, 11/02/20 16:28:31
LogInit: Display: Running engine for game: InfiniteMatrix
LogPlatformFile: Not using cached read wrapper
LogTaskGraph: Started task graph with 5 named threads and 14 total threads with 3 sets of task threads.
LogStats: Stats thread started at 0.161962
LogD3D11RHI: Loaded GFSDK_Aftermath_Lib.x64.dll
LogICUInternationalization: ICU TimeZone Detection - Raw Offset: +0:00, Platform Override: ''
LogPluginManager: Mounting plugin Paper2D
LogPluginManager: Mounting plugin AISupport
LogPluginManager: Mounting plugin LightPropagationVolume
LogPluginManager: Mounting plugin CameraShakePreviewer
LogPluginManager: Mounting plugin ActorLayerUtilities
LogPluginManager: Mounting plugin AnimationSharing
LogPluginManager: Mounting plugin CLionSourceCodeAccess
LogPluginManager: Mounting plugin CodeLiteSourceCodeAccess
LogPluginManager: Mounting plugin GitSourceControl
LogPluginManager: Mounting plugin KDevelopSourceCodeAccess
LogPluginManager: Mounting plugin NullSourceCodeAccess
LogPluginManager: Mounting plugin PerforceSourceControl
LogPluginManager: Mounting plugin PlasticSourceControl
LogPluginManager: Mounting plugin RiderSourceCodeAccess
LogPluginManager: Mounting plugin SubversionSourceControl
LogPluginManager: Mounting plugin UObjectPlugin
LogPluginManager: Mounting plugin VisualStudioCodeSourceCodeAccess
LogPluginManager: Mounting plugin VisualStudioSourceCodeAccess
LogPluginManager: Mounting plugin XCodeSourceCodeAccess
LogPluginManager: Mounting plugin AssetManagerEditor
LogPluginManager: Mounting plugin CryptoKeys
LogPluginManager: Mounting plugin CurveEditorTools
LogPluginManager: Mounting plugin DataValidation
LogPluginManager: Mounting plugin EditorScriptingUtilities
LogPluginManager: Mounting plugin FacialAnimation
LogPluginManager: Mounting plugin GameplayTagsEditor
LogPluginManager: Mounting plugin GeometryMode
LogPluginManager: Mounting plugin MacGraphicsSwitching
LogPluginManager: Mounting plugin MaterialAnalyzer
LogPluginManager: Mounting plugin MobileLauncherProfileWizard
LogPluginManager: Mounting plugin PluginBrowser
LogPluginManager: Mounting plugin SpeedTreeImporter
LogPluginManager: Mounting plugin DatasmithContent
LogPluginManager: Mounting plugin VariantManagerContent
LogPluginManager: Mounting plugin AlembicImporter
LogPluginManager: Mounting plugin AutomationUtils
LogPluginManager: Mounting plugin BackChannel
LogPluginManager: Mounting plugin ChaosCloth
LogPluginManager: Mounting plugin ChaosClothEditor
LogPluginManager: Mounting plugin ChaosEditor
LogPluginManager: Mounting plugin ChaosNiagara
LogPluginManager: Mounting plugin ChaosSolverPlugin
LogPluginManager: Mounting plugin CharacterAI
LogPluginManager: Mounting plugin GeometryCache
LogPluginManager: Mounting plugin GeometryCollectionPlugin
LogPluginManager: Mounting plugin GeometryProcessing
LogPluginManager: Mounting plugin PlanarCut
LogPluginManager: Mounting plugin PlatformCrypto
LogPluginManager: Mounting plugin ProxyLODPlugin
LogPluginManager: Mounting plugin SkeletalReduction
LogPluginManager: Mounting plugin Niagara
LogPluginManager: Mounting plugin MagicLeap
LogPluginManager: Mounting plugin MagicLeapLightEstimation
LogPluginManager: Mounting plugin MagicLeapMedia
LogPluginManager: Mounting plugin MagicLeapPassableWorld
LogPluginManager: Mounting plugin MLSDK
LogPluginManager: Mounting plugin AndroidMedia
LogPluginManager: Mounting plugin AvfMedia
LogPluginManager: Mounting plugin ImgMedia
LogPluginManager: Mounting plugin MediaCompositing
LogPluginManager: Mounting plugin MediaPlayerEditor
LogPluginManager: Mounting plugin WebMMedia
LogPluginManager: Mounting plugin WmfMedia
LogPluginManager: Mounting plugin MeshPainting
LogPluginManager: Mounting plugin TcpMessaging
LogPluginManager: Mounting plugin UdpMessaging
LogPluginManager: Mounting plugin ActorSequence
LogPluginManager: Mounting plugin LevelSequenceEditor
LogPluginManager: Mounting plugin MatineeToLevelSequence
LogPluginManager: Mounting plugin MovieRenderPipeline
LogPluginManager: Mounting plugin TemplateSequence
LogPluginManager: Mounting plugin NetcodeUnitTest
LogPluginManager: Mounting plugin NUTUnrealEngine4
LogPluginManager: Mounting plugin OnlineSubsystemGooglePlay
LogPluginManager: Mounting plugin OnlineSubsystemIOS
LogPluginManager: Mounting plugin OnlineSubsystem
LogPluginManager: Mounting plugin OnlineSubsystemNull
LogPluginManager: Mounting plugin OnlineSubsystemUtils
LogPluginManager: Mounting plugin LauncherChunkInstaller
LogPluginManager: Mounting plugin AndroidDeviceProfileSelector
LogPluginManager: Mounting plugin AndroidMoviePlayer
LogPluginManager: Mounting plugin AndroidPermission
LogPluginManager: Mounting plugin AppleImageUtils
LogPluginManager: Mounting plugin AppleMoviePlayer
LogPluginManager: Mounting plugin ArchVisCharacter
LogPluginManager: Mounting plugin AssetTags
LogPluginManager: Mounting plugin AudioCapture
LogPluginManager: Mounting plugin CableComponent
LogPluginManager: Mounting plugin CustomMeshComponent
LogPluginManager: Mounting plugin EditableMesh
LogPluginManager: Mounting plugin ExampleDeviceProfileSelector
LogPluginManager: Mounting plugin GoogleCloudMessaging
LogPluginManager: Mounting plugin GooglePAD
LogPluginManager: Mounting plugin IOSDeviceProfileSelector
LogPluginManager: Mounting plugin LinuxDeviceProfileSelector
LogPluginManager: Mounting plugin LocationServicesBPLibrary
LogPluginManager: Mounting plugin MobilePatchingUtils
LogPluginManager: Mounting plugin OculusVR
LogPluginManager: Mounting plugin PhysXVehicles
LogPluginManager: Mounting plugin PostSplashScreen
LogPluginManager: Mounting plugin ProceduralMeshComponent
LogPluginManager: Mounting plugin RuntimePhysXCooking
LogPluginManager: Mounting plugin SignificanceManager
LogPluginManager: Mounting plugin SoundFields
LogPluginManager: Mounting plugin SteamVR
LogPluginManager: Mounting plugin Synthesis
LogPluginManager: Mounting plugin WebMMoviePlayer
LogPluginManager: Mounting plugin WindowsMoviePlayer
LogPluginManager: Mounting plugin ScreenshotTools
LogInit: Using libcurl 7.55.1-DEV
LogInit:  - built for x86_64-pc-win32
LogInit:  - supports SSL with OpenSSL/1.1.1
LogInit:  - supports HTTP deflate (compression) using libz 1.2.8
LogInit:  - other features:
LogInit:      CURL_VERSION_SSL
LogInit:      CURL_VERSION_LIBZ
LogInit:      CURL_VERSION_IPV6
LogInit:      CURL_VERSION_ASYNCHDNS
LogInit:      CURL_VERSION_LARGEFILE
LogInit:      CURL_VERSION_IDN
LogInit:  CurlRequestOptions (configurable via config and command line):
LogInit:  - bVerifyPeer = true  - Libcurl will verify peer certificate
LogInit:  - bUseHttpProxy = false  - Libcurl will NOT use HTTP proxy
LogInit:  - bDontReuseConnections = false  - Libcurl will reuse connections
LogInit:  - MaxHostConnections = 16  - Libcurl will limit the number of connections to a host
LogInit:  - LocalHostAddr = Default
LogInit:  - BufferSize = 65536
LogOnline: OSS: Creating online subsystem instance for: NULL
LogInit: WinSock: version 1.1 (2.2), MaxSocks=32767, MaxUdp=65467
LogOnline: OSS: TryLoadSubsystemAndSetDefault: Loaded subsystem for module [NULL]
LogInit: Build: ++UE4+Release-4.25-CL-14469661
LogInit: Engine Version: 4.25.4-14469661+++UE4+Release-4.25
LogInit: Compatible Engine Version: 4.25.0-13144385+++UE4+Release-4.25
LogInit: Net CL: 13144385
LogInit: OS: Windows 10 (Release 1909) (), CPU: Intel(R) Core(TM) i5-6600K CPU @ 3.50GHz, GPU: NVIDIA GeForce GTX 1060 6GB
LogInit: Compiled (64-bit): Oct 11 2020 08:10:49
LogInit: Compiled with Visual C++: 19.24.28315.00
LogInit: Build Configuration: Development
LogInit: Branch Name: ++UE4+Release-4.25
LogInit: Command Line: 
LogInit: Base Directory: D:/UE_4.25/Engine/Binaries/Win64/
LogInit: Allocator: TBB
LogInit: Installed Engine Build: 1
LogDevObjectVersion: Number of dev versions registered: 26
LogDevObjectVersion:   Dev-Blueprints (B0D832E4-1F89-4F0D-ACCF-7EB736FD4AA2): 10
LogDevObjectVersion:   Dev-Build (E1C64328-A22C-4D53-A36C-8E866417BD8C): 0
LogDevObjectVersion:   Dev-Core (375EC13C-06E4-48FB-B500-84F0262A717E): 4
LogDevObjectVersion:   Dev-Editor (E4B068ED-F494-42E9-A231-DA0B2E46BB41): 38
LogDevObjectVersion:   Dev-Framework (CFFC743F-43B0-4480-9391-14DF171D2073): 37
LogDevObjectVersion:   Dev-Mobile (B02B49B5-BB20-44E9-A304-32B752E40360): 2
LogDevObjectVersion:   Dev-Networking (A4E4105C-59A1-49B5-A7C5-40C4547EDFEE): 0
LogDevObjectVersion:   Dev-Online (39C831C9-5AE6-47DC-9A44-9C173E1C8E7C): 0
LogDevObjectVersion:   Dev-Physics (78F01B33-EBEA-4F98-B9B4-84EACCB95AA2): 4
LogDevObjectVersion:   Dev-Platform (6631380F-2D4D-43E0-8009-CF276956A95A): 0
LogDevObjectVersion:   Dev-Rendering (12F88B9F-8875-4AFC-A67C-D90C383ABD29): 43
LogDevObjectVersion:   Dev-Sequencer (7B5AE74C-D270-4C10-A958-57980B212A5A): 12
LogDevObjectVersion:   Dev-VR (D7296918-1DD6-4BDD-9DE2-64A83CC13884): 3
LogDevObjectVersion:   Dev-LoadTimes (C2A15278-BFE7-4AFE-6C17-90FF531DF755): 1
LogDevObjectVersion:   Private-Geometry (6EACA3D4-40EC-4CC1-B786-8BED09428FC5): 3
LogDevObjectVersion:   Dev-AnimPhys (29E575DD-E0A3-4627-9D10-D276232CDCEA): 17
LogDevObjectVersion:   Dev-Anim (AF43A65D-7FD3-4947-9873-3E8ED9C1BB05): 7
LogDevObjectVersion:   Dev-ReflectionCapture (6B266CEC-1EC7-4B8F-A30B-E4D90942FC07): 1
LogDevObjectVersion:   Dev-Automation (0DF73D61-A23F-47EA-B727-89E90C41499A): 1
LogDevObjectVersion:   FortniteMain (601D1886-AC64-4F84-AA16-D3DE0DEAC7D6): 31
LogDevObjectVersion:   Dev-Enterprise (9DFFBCD6-494F-0158-E221-12823C92A888): 10
LogDevObjectVersion:   Dev-Niagara (F2AED0AC-9AFE-416F-8664-AA7FFA26D6FC): 1
LogDevObjectVersion:   Dev-Destruction (174F1F0B-B4C6-45A5-B13F-2EE8D0FB917D): 10
LogDevObjectVersion:   Dev-Physics-Ext (35F94A83-E258-406C-A318-09F59610247C): 37
LogDevObjectVersion:   Dev-PhysicsMaterial-Chaos (B68FC16E-8B1B-42E2-B453-215C058844FE): 1
LogDevObjectVersion:   Dev-CineCamera (B2E18506-4273-CFC2-A54E-F4BB758BBA07): 1
LogInit: Presizing for max 25165824 objects, including 0 objects not considered by GC, pre-allocating 0 bytes for permanent pool.
LogConfig: Applying CVar settings from Section [/Script/Engine.StreamingSettings] File [C:/Users/JesusYMaria/Desktop/Tutorial Unreal/UnrealTutorial/InfiniteMatrixStarter/Saved/Config/Windows/Engine.ini]
LogConfig: Setting CVar [[s.MinBulkDataSizeForAsyncLoading:131072]]
LogConfig: Setting CVar [[s.AsyncLoadingThreadEnabled:0]]
LogConfig: Setting CVar [[s.EventDrivenLoaderEnabled:1]]
LogConfig: Setting CVar [[s.WarnIfTimeLimitExceeded:0]]
LogConfig: Setting CVar [[s.TimeLimitExceededMultiplier:1.5]]
LogConfig: Setting CVar [[s.TimeLimitExceededMinTime:0.005]]
LogConfig: Setting CVar [[s.UseBackgroundLevelStreaming:1]]
LogConfig: Setting CVar [[s.PriorityAsyncLoadingExtraTime:15.0]]
LogConfig: Setting CVar [[s.LevelStreamingActorsUpdateTimeLimit:5.0]]
LogConfig: Setting CVar [[s.PriorityLevelStreamingActorsUpdateExtraTime:5.0]]
LogConfig: Setting CVar [[s.LevelStreamingComponentsRegistrationGranularity:10]]
LogConfig: Setting CVar [[s.UnregisterComponentsTimeLimit:1.0]]
LogConfig: Setting CVar [[s.LevelStreamingComponentsUnregistrationGranularity:5]]
LogConfig: Setting CVar [[s.FlushStreamingOnExit:1]]
LogInit: Object subsystem initialized
LogConfig: Setting CVar [[con.DebugEarlyDefault:1]]
LogConfig: Setting CVar [[r.setres:1280x720]]
[2020.11.02-16.28.32:187][  0]LogConfig: Setting CVar [[r.VSync:0]]
[2020.11.02-16.28.32:187][  0]LogConfig: Setting CVar [[r.RHICmdBypass:0]]
[2020.11.02-16.28.32:187][  0]LogConfig: Applying CVar settings from Section [/Script/Engine.RendererSettings] File [C:/Users/JesusYMaria/Desktop/Tutorial Unreal/UnrealTutorial/InfiniteMatrixStarter/Saved/Config/Windows/Engine.ini]
[2020.11.02-16.28.32:187][  0]LogConfig: Setting CVar [[r.GPUCrashDebugging:0]]
[2020.11.02-16.28.32:187][  0]LogConfig: Applying CVar settings from Section [/Script/Engine.RendererOverrideSettings] File [C:/Users/JesusYMaria/Desktop/Tutorial Unreal/UnrealTutorial/InfiniteMatrixStarter/Saved/Config/Windows/Engine.ini]
[2020.11.02-16.28.32:187][  0]LogConfig: Applying CVar settings from Section [/Script/Engine.StreamingSettings] File [C:/Users/JesusYMaria/Desktop/Tutorial Unreal/UnrealTutorial/InfiniteMatrixStarter/Saved/Config/Windows/Engine.ini]
[2020.11.02-16.28.32:187][  0]LogConfig: Setting CVar [[s.MinBulkDataSizeForAsyncLoading:131072]]
[2020.11.02-16.28.32:187][  0]LogConfig: Setting CVar [[s.AsyncLoadingThreadEnabled:0]]
[2020.11.02-16.28.32:187][  0]LogConfig: Setting CVar [[s.EventDrivenLoaderEnabled:1]]
[2020.11.02-16.28.32:187][  0]LogConfig: Setting CVar [[s.WarnIfTimeLimitExceeded:0]]
[2020.11.02-16.28.32:187][  0]LogConfig: Setting CVar [[s.TimeLimitExceededMultiplier:1.5]]
[2020.11.02-16.28.32:187][  0]LogConfig: Setting CVar [[s.TimeLimitExceededMinTime:0.005]]
[2020.11.02-16.28.32:187][  0]LogConfig: Setting CVar [[s.UseBackgroundLevelStreaming:1]]
[2020.11.02-16.28.32:187][  0]LogConfig: Setting CVar [[s.PriorityAsyncLoadingExtraTime:15.0]]
[2020.11.02-16.28.32:187][  0]LogConfig: Setting CVar [[s.LevelStreamingActorsUpdateTimeLimit:5.0]]
[2020.11.02-16.28.32:187][  0]LogConfig: Setting CVar [[s.PriorityLevelStreamingActorsUpdateExtraTime:5.0]]
[2020.11.02-16.28.32:187][  0]LogConfig: Setting CVar [[s.LevelStreamingComponentsRegistrationGranularity:10]]
[2020.11.02-16.28.32:187][  0]LogConfig: Setting CVar [[s.UnregisterComponentsTimeLimit:1.0]]
[2020.11.02-16.28.32:187][  0]LogConfig: Setting CVar [[s.LevelStreamingComponentsUnregistrationGranularity:5]]
[2020.11.02-16.28.32:187][  0]LogConfig: Setting CVar [[s.FlushStreamingOnExit:1]]
[2020.11.02-16.28.32:187][  0]LogConfig: Applying CVar settings from Section [/Script/Engine.GarbageCollectionSettings] File [C:/Users/JesusYMaria/Desktop/Tutorial Unreal/UnrealTutorial/InfiniteMatrixStarter/Saved/Config/Windows/Engine.ini]
[2020.11.02-16.28.32:187][  0]LogConfig: Setting CVar [[gc.MaxObjectsNotConsideredByGC:1]]
[2020.11.02-16.28.32:187][  0]LogConfig: Setting CVar [[gc.SizeOfPermanentObjectPool:0]]
[2020.11.02-16.28.32:187][  0]LogConfig: Setting CVar [[gc.FlushStreamingOnGC:0]]
[2020.11.02-16.28.32:187][  0]LogConfig: Setting CVar [[gc.NumRetriesBeforeForcingGC:10]]
[2020.11.02-16.28.32:187][  0]LogConfig: Setting CVar [[gc.AllowParallelGC:1]]
[2020.11.02-16.28.32:187][  0]LogConfig: Setting CVar [[gc.TimeBetweenPurgingPendingKillObjects:61.1]]
[2020.11.02-16.28.32:187][  0]LogConfig: Setting CVar [[gc.MaxObjectsInEditor:25165824]]
[2020.11.02-16.28.32:187][  0]LogConfig: Setting CVar [[gc.IncrementalBeginDestroyEnabled:1]]
[2020.11.02-16.28.32:187][  0]LogConfig: Setting CVar [[gc.CreateGCClusters:1]]
[2020.11.02-16.28.32:187][  0]LogConfig: Setting CVar [[gc.MinGCClusterSize:5]]
[2020.11.02-16.28.32:187][  0]LogConfig: Setting CVar [[gc.ActorClusteringEnabled:0]]
[2020.11.02-16.28.32:187][  0]LogConfig: Setting CVar [[gc.BlueprintClusteringEnabled:0]]
[2020.11.02-16.28.32:188][  0]LogConfig: Setting CVar [[gc.UseDisregardForGCOnDedicatedServers:0]]
[2020.11.02-16.28.32:188][  0]LogConfig: Applying CVar settings from Section [/Script/Engine.NetworkSettings] File [C:/Users/JesusYMaria/Desktop/Tutorial Unreal/UnrealTutorial/InfiniteMatrixStarter/Saved/Config/Windows/Engine.ini]
[2020.11.02-16.28.32:188][  0]LogConfig: Applying CVar settings from Section [/Script/UnrealEd.CookerSettings] File [C:/Users/JesusYMaria/Desktop/Tutorial Unreal/UnrealTutorial/InfiniteMatrixStarter/Saved/Config/Windows/Engine.ini]
[2020.11.02-16.28.32:190][  0]LogConfig: Applying CVar settings from Section [ViewDistanceQuality@3] File [C:/Users/JesusYMaria/Desktop/Tutorial Unreal/UnrealTutorial/InfiniteMatrixStarter/Saved/Config/Windows/Scalability.ini]
[2020.11.02-16.28.32:190][  0]LogConfig: Setting CVar [[r.SkeletalMeshLODBias:0]]
[2020.11.02-16.28.32:190][  0]LogConfig: Setting CVar [[r.ViewDistanceScale:1.0]]
[2020.11.02-16.28.32:190][  0]LogConfig: Applying CVar settings from Section [AntiAliasingQuality@3] File [C:/Users/JesusYMaria/Desktop/Tutorial Unreal/UnrealTutorial/InfiniteMatrixStarter/Saved/Config/Windows/Scalability.ini]
[2020.11.02-16.28.32:190][  0]LogConfig: Setting CVar [[r.PostProcessAAQuality:4]]
[2020.11.02-16.28.32:190][  0]LogConfig: Applying CVar settings from Section [ShadowQuality@3] File [C:/Users/JesusYMaria/Desktop/Tutorial Unreal/UnrealTutorial/InfiniteMatrixStarter/Saved/Config/Windows/Scalability.ini]
[2020.11.02-16.28.32:190][  0]LogConfig: Setting CVar [[r.LightFunctionQuality:1]]
[2020.11.02-16.28.32:190][  0]LogConfig: Setting CVar [[r.ShadowQuality:5]]
[2020.11.02-16.28.32:190][  0]LogConfig: Setting CVar [[r.Shadow.CSM.MaxCascades:10]]
[2020.11.02-16.28.32:190][  0]LogConfig: Setting CVar [[r.Shadow.MaxResolution:2048]]
[2020.11.02-16.28.32:190][  0]LogConfig: Setting CVar [[r.Shadow.MaxCSMResolution:2048]]
[2020.11.02-16.28.32:190][  0]LogConfig: Setting CVar [[r.Shadow.RadiusThreshold:0.01]]
[2020.11.02-16.28.32:190][  0]LogConfig: Setting CVar [[r.Shadow.DistanceScale:1.0]]
[2020.11.02-16.28.32:190][  0]LogConfig: Setting CVar [[r.Shadow.CSM.TransitionScale:1.0]]
[2020.11.02-16.28.32:190][  0]LogConfig: Setting CVar [[r.Shadow.PreShadowResolutionFactor:1.0]]
[2020.11.02-16.28.32:190][  0]LogConfig: Setting CVar [[r.DistanceFieldShadowing:1]]
[2020.11.02-16.28.32:190][  0]LogConfig: Setting CVar [[r.DistanceFieldAO:1]]
[2020.11.02-16.28.32:190][  0]LogConfig: Setting CVar [[r.AOQuality:2]]
[2020.11.02-16.28.32:190][  0]LogConfig: Setting CVar [[r.VolumetricFog:1]]
[2020.11.02-16.28.32:190][  0]LogConfig: Setting CVar [[r.VolumetricFog.GridPixelSize:8]]
[2020.11.02-16.28.32:190][  0]LogConfig: Setting CVar [[r.VolumetricFog.GridSizeZ:128]]
[2020.11.02-16.28.32:190][  0]LogConfig: Setting CVar [[r.VolumetricFog.HistoryMissSupersampleCount:4]]
[2020.11.02-16.28.32:190][  0]LogConfig: Setting CVar [[r.LightMaxDrawDistanceScale:1]]
[2020.11.02-16.28.32:190][  0]LogConfig: Setting CVar [[r.CapsuleShadows:1]]
[2020.11.02-16.28.32:190][  0]LogConfig: Applying CVar settings from Section [PostProcessQuality@3] File [C:/Users/JesusYMaria/Desktop/Tutorial Unreal/UnrealTutorial/InfiniteMatrixStarter/Saved/Config/Windows/Scalability.ini]
[2020.11.02-16.28.32:190][  0]LogConfig: Setting CVar [[r.MotionBlurQuality:4]]
[2020.11.02-16.28.32:190][  0]LogConfig: Setting CVar [[r.AmbientOcclusionMipLevelFactor:0.4]]
[2020.11.02-16.28.32:190][  0]LogConfig: Setting CVar [[r.AmbientOcclusionMaxQuality:100]]
[2020.11.02-16.28.32:190][  0]LogConfig: Setting CVar [[r.AmbientOcclusionLevels:-1]]
[2020.11.02-16.28.32:190][  0]LogConfig: Setting CVar [[r.AmbientOcclusionRadiusScale:1.0]]
[2020.11.02-16.28.32:190][  0]LogConfig: Setting CVar [[r.DepthOfFieldQuality:2]]
[2020.11.02-16.28.32:190][  0]LogConfig: Setting CVar [[r.RenderTargetPoolMin:400]]
[2020.11.02-16.28.32:190][  0]LogConfig: Setting CVar [[r.LensFlareQuality:2]]
[2020.11.02-16.28.32:190][  0]LogConfig: Setting CVar [[r.SceneColorFringeQuality:1]]
[2020.11.02-16.28.32:190][  0]LogConfig: Setting CVar [[r.EyeAdaptationQuality:2]]
[2020.11.02-16.28.32:190][  0]LogConfig: Setting CVar [[r.BloomQuality:5]]
[2020.11.02-16.28.32:190][  0]LogConfig: Setting CVar [[r.FastBlurThreshold:100]]
[2020.11.02-16.28.32:190][  0]LogConfig: Setting CVar [[r.Upscale.Quality:3]]
[2020.11.02-16.28.32:190][  0]LogConfig: Setting CVar [[r.Tonemapper.GrainQuantization:1]]
[2020.11.02-16.28.32:190][  0]LogConfig: Setting CVar [[r.LightShaftQuality:1]]
[2020.11.02-16.28.32:190][  0]LogConfig: Setting CVar [[r.Filter.SizeScale:1]]
[2020.11.02-16.28.32:190][  0]LogConfig: Setting CVar [[r.Tonemapper.Quality:5]]
[2020.11.02-16.28.32:190][  0]LogConfig: Setting CVar [[r.DOF.Gather.AccumulatorQuality:1        ; higher gathering accumulator quality]]
[2020.11.02-16.28.32:190][  0]LogConfig: Setting CVar [[r.DOF.Gather.PostfilterMethod:1          ; Median3x3 postfilering method]]
[2020.11.02-16.28.32:190][  0]LogConfig: Setting CVar [[r.DOF.Gather.EnableBokehSettings:0       ; no bokeh simulation when gathering]]
[2020.11.02-16.28.32:190][  0]LogConfig: Setting CVar [[r.DOF.Gather.RingCount:4                 ; medium number of samples when gathering]]
[2020.11.02-16.28.32:190][  0]LogConfig: Setting CVar [[r.DOF.Scatter.ForegroundCompositing:1    ; additive foreground scattering]]
[2020.11.02-16.28.32:190][  0]LogConfig: Setting CVar [[r.DOF.Scatter.BackgroundCompositing:2    ; additive background scattering]]
[2020.11.02-16.28.32:190][  0]LogConfig: Setting CVar [[r.DOF.Scatter.EnableBokehSettings:1      ; bokeh simulation when scattering]]
[2020.11.02-16.28.32:190][  0]LogConfig: Setting CVar [[r.DOF.Scatter.MaxSpriteRatio:0.1         ; only a maximum of 10% of scattered bokeh]]
[2020.11.02-16.28.32:190][  0]LogConfig: Setting CVar [[r.DOF.Recombine.Quality:1                ; cheap slight out of focus]]
[2020.11.02-16.28.32:190][  0]LogConfig: Setting CVar [[r.DOF.Recombine.EnableBokehSettings:0    ; no bokeh simulation on slight out of focus]]
[2020.11.02-16.28.32:190][  0]LogConfig: Setting CVar [[r.DOF.TemporalAAQuality:1                ; more stable temporal accumulation]]
[2020.11.02-16.28.32:190][  0]LogConfig: Setting CVar [[r.DOF.Kernel.MaxForegroundRadius:0.025]]
[2020.11.02-16.28.32:190][  0]LogConfig: Setting CVar [[r.DOF.Kernel.MaxBackgroundRadius:0.025]]
[2020.11.02-16.28.32:190][  0]LogConfig: Applying CVar settings from Section [TextureQuality@3] File [C:/Users/JesusYMaria/Desktop/Tutorial Unreal/UnrealTutorial/InfiniteMatrixStarter/Saved/Config/Windows/Scalability.ini]
[2020.11.02-16.28.32:190][  0]LogConfig: Setting CVar [[r.Streaming.MipBias:0]]
[2020.11.02-16.28.32:190][  0]LogConfig: Setting CVar [[r.Streaming.AmortizeCPUToGPUCopy:0]]
[2020.11.02-16.28.32:190][  0]LogConfig: Setting CVar [[r.Streaming.MaxNumTexturesToStreamPerFrame:0]]
[2020.11.02-16.28.32:190][  0]LogConfig: Setting CVar [[r.Streaming.Boost:1]]
[2020.11.02-16.28.32:190][  0]LogConfig: Setting CVar [[r.MaxAnisotropy:8]]
[2020.11.02-16.28.32:190][  0]LogConfig: Setting CVar [[r.VT.MaxAnisotropy:8]]
[2020.11.02-16.28.32:190][  0]LogConfig: Setting CVar [[r.Streaming.LimitPoolSizeToVRAM:0]]
[2020.11.02-16.28.32:190][  0]LogConfig: Setting CVar [[r.Streaming.PoolSize:1000]]
[2020.11.02-16.28.32:190][  0]LogConfig: Setting CVar [[r.Streaming.MaxEffectiveScreenSize:0]]
[2020.11.02-16.28.32:190][  0]LogConfig: Applying CVar settings from Section [EffectsQuality@3] File [C:/Users/JesusYMaria/Desktop/Tutorial Unreal/UnrealTutorial/InfiniteMatrixStarter/Saved/Config/Windows/Scalability.ini]
[2020.11.02-16.28.32:190][  0]LogConfig: Setting CVar [[r.TranslucencyLightingVolumeDim:64]]
[2020.11.02-16.28.32:190][  0]LogConfig: Setting CVar [[r.RefractionQuality:2]]
[2020.11.02-16.28.32:190][  0]LogConfig: Setting CVar [[r.SSR.Quality:3]]
[2020.11.02-16.28.32:190][  0]LogConfig: Setting CVar [[r.SSR.HalfResSceneColor:0]]
[2020.11.02-16.28.32:190][  0]LogConfig: Setting CVar [[r.SceneColorFormat:4]]
[2020.11.02-16.28.32:190][  0]LogConfig: Setting CVar [[r.DetailMode:2]]
[2020.11.02-16.28.32:191][  0]LogConfig: Setting CVar [[r.TranslucencyVolumeBlur:1]]
[2020.11.02-16.28.32:191][  0]LogConfig: Setting CVar [[r.MaterialQualityLevel:1 ; High quality]]
[2020.11.02-16.28.32:191][  0]LogConfig: Setting CVar [[r.SSS.Scale:1]]
[2020.11.02-16.28.32:191][  0]LogConfig: Setting CVar [[r.SSS.SampleSet:2]]
[2020.11.02-16.28.32:191][  0]LogConfig: Setting CVar [[r.SSS.Quality:1]]
[2020.11.02-16.28.32:191][  0]LogConfig: Setting CVar [[r.SSS.HalfRes:0]]
[2020.11.02-16.28.32:191][  0]LogConfig: Setting CVar [[r.SSGI.Quality:3]]
[2020.11.02-16.28.32:191][  0]LogConfig: Setting CVar [[r.EmitterSpawnRateScale:1.0]]
[2020.11.02-16.28.32:191][  0]LogConfig: Setting CVar [[r.ParticleLightQuality:2]]
[2020.11.02-16.28.32:191][  0]LogConfig: Setting CVar [[r.SkyAtmosphere.AerialPerspectiveLUT.FastApplyOnOpaque:1 ; Always have FastSkyLUT 1 in this case to avoid wrong sky]]
[2020.11.02-16.28.32:191][  0]LogConfig: Setting CVar [[r.SkyAtmosphere.AerialPerspectiveLUT.SampleCountPerSlice:1]]
[2020.11.02-16.28.32:191][  0]LogConfig: Setting CVar [[r.SkyAtmosphere.AerialPerspectiveLUT.DepthResolution:16.0]]
[2020.11.02-16.28.32:191][  0]LogConfig: Setting CVar [[r.SkyAtmosphere.FastSkyLUT:1]]
[2020.11.02-16.28.32:191][  0]LogConfig: Setting CVar [[r.SkyAtmosphere.FastSkyLUT.SampleCountMin:4.0]]
[2020.11.02-16.28.32:191][  0]LogConfig: Setting CVar [[r.SkyAtmosphere.FastSkyLUT.SampleCountMax:32.0]]
[2020.11.02-16.28.32:191][  0]LogConfig: Setting CVar [[r.SkyAtmosphere.SampleCountMin:4.0]]
[2020.11.02-16.28.32:191][  0]LogConfig: Setting CVar [[r.SkyAtmosphere.SampleCountMax:32.0]]
[2020.11.02-16.28.32:191][  0]LogConfig: Setting CVar [[r.SkyAtmosphere.TransmittanceLUT.UseSmallFormat:0]]
[2020.11.02-16.28.32:191][  0]LogConfig: Setting CVar [[r.SkyAtmosphere.TransmittanceLUT.SampleCount:10.0]]
[2020.11.02-16.28.32:191][  0]LogConfig: Setting CVar [[r.SkyAtmosphere.MultiScatteringLUT.SampleCount:15.0]]
[2020.11.02-16.28.32:191][  0]LogConfig: Applying CVar settings from Section [FoliageQuality@3] File [C:/Users/JesusYMaria/Desktop/Tutorial Unreal/UnrealTutorial/InfiniteMatrixStarter/Saved/Config/Windows/Scalability.ini]
[2020.11.02-16.28.32:191][  0]LogConfig: Setting CVar [[foliage.DensityScale:1.0]]
[2020.11.02-16.28.32:191][  0]LogConfig: Setting CVar [[grass.DensityScale:1.0]]
[2020.11.02-16.28.32:191][  0]LogConfig: Applying CVar settings from Section [ShadingQuality@3] File [C:/Users/JesusYMaria/Desktop/Tutorial Unreal/UnrealTutorial/InfiniteMatrixStarter/Saved/Config/Windows/Scalability.ini]
[2020.11.02-16.28.32:191][  0]LogConfig: Setting CVar [[r.HairStrands.SkyLighting.SampleCount:16]]
[2020.11.02-16.28.32:191][  0]LogConfig: Setting CVar [[r.HairStrands.SkyLighting.JitterIntegration:0]]
[2020.11.02-16.28.32:191][  0]LogConfig: Setting CVar [[r.HairStrands.SkyAO.SampleCount:16]]
[2020.11.02-16.28.32:191][  0]LogConfig: Setting CVar [[r.HairStrands.DeepShadow.SuperSampling:0]]
[2020.11.02-16.28.32:191][  0]LogConfig: Setting CVar [[r.HairStrands.VisibilityPPLL:0]]
[2020.11.02-16.28.32:191][  0]LogConfig: Setting CVar [[r.HairStrands.RasterizationScale:0.5]]
[2020.11.02-16.28.32:191][  0]LogConfig: Setting CVar [[r.HairStrands.VelocityRasterizationScale:1]]
[2020.11.02-16.28.32:191][  0]LogInit: Selected Device Profile: [Windows]
[2020.11.02-16.28.32:191][  0]LogInit: Applying CVar settings loaded from the selected device profile: [Windows]
[2020.11.02-16.28.32:191][  0]LogHAL: Display: Platform has ~ 16 GB [17138044928 / 17179869184 / 16], which maps to Larger [LargestMinGB=32, LargerMinGB=12, DefaultMinGB=8, SmallerMinGB=6, SmallestMinGB=0)
[2020.11.02-16.28.32:191][  0]LogInit: Going up to parent DeviceProfile []
[2020.11.02-16.28.32:191][  0]LogConfig: Applying CVar settings from Section [ViewDistanceQuality@3] File [C:/Users/JesusYMaria/Desktop/Tutorial Unreal/UnrealTutorial/InfiniteMatrixStarter/Saved/Config/Windows/Scalability.ini]
[2020.11.02-16.28.32:191][  0]LogConfig: Setting CVar [[r.SkeletalMeshLODBias:0]]
[2020.11.02-16.28.32:191][  0]LogConfig: Setting CVar [[r.ViewDistanceScale:1.0]]
[2020.11.02-16.28.32:191][  0]LogConfig: Applying CVar settings from Section [AntiAliasingQuality@3] File [C:/Users/JesusYMaria/Desktop/Tutorial Unreal/UnrealTutorial/InfiniteMatrixStarter/Saved/Config/Windows/Scalability.ini]
[2020.11.02-16.28.32:191][  0]LogConfig: Setting CVar [[r.PostProcessAAQuality:4]]
[2020.11.02-16.28.32:191][  0]LogConfig: Applying CVar settings from Section [ShadowQuality@3] File [C:/Users/JesusYMaria/Desktop/Tutorial Unreal/UnrealTutorial/InfiniteMatrixStarter/Saved/Config/Windows/Scalability.ini]
[2020.11.02-16.28.32:191][  0]LogConfig: Setting CVar [[r.LightFunctionQuality:1]]
[2020.11.02-16.28.32:191][  0]LogConfig: Setting CVar [[r.ShadowQuality:5]]
[2020.11.02-16.28.32:191][  0]LogConfig: Setting CVar [[r.Shadow.CSM.MaxCascades:10]]
[2020.11.02-16.28.32:191][  0]LogConfig: Setting CVar [[r.Shadow.MaxResolution:2048]]
[2020.11.02-16.28.32:191][  0]LogConfig: Setting CVar [[r.Shadow.MaxCSMResolution:2048]]
[2020.11.02-16.28.32:191][  0]LogConfig: Setting CVar [[r.Shadow.RadiusThreshold:0.01]]
[2020.11.02-16.28.32:191][  0]LogConfig: Setting CVar [[r.Shadow.DistanceScale:1.0]]
[2020.11.02-16.28.32:191][  0]LogConfig: Setting CVar [[r.Shadow.CSM.TransitionScale:1.0]]
[2020.11.02-16.28.32:191][  0]LogConfig: Setting CVar [[r.Shadow.PreShadowResolutionFactor:1.0]]
[2020.11.02-16.28.32:191][  0]LogConfig: Setting CVar [[r.DistanceFieldShadowing:1]]
[2020.11.02-16.28.32:191][  0]LogConfig: Setting CVar [[r.DistanceFieldAO:1]]
[2020.11.02-16.28.32:191][  0]LogConfig: Setting CVar [[r.AOQuality:2]]
[2020.11.02-16.28.32:191][  0]LogConfig: Setting CVar [[r.VolumetricFog:1]]
[2020.11.02-16.28.32:191][  0]LogConfig: Setting CVar [[r.VolumetricFog.GridPixelSize:8]]
[2020.11.02-16.28.32:191][  0]LogConfig: Setting CVar [[r.VolumetricFog.GridSizeZ:128]]
[2020.11.02-16.28.32:191][  0]LogConfig: Setting CVar [[r.VolumetricFog.HistoryMissSupersampleCount:4]]
[2020.11.02-16.28.32:191][  0]LogConfig: Setting CVar [[r.LightMaxDrawDistanceScale:1]]
[2020.11.02-16.28.32:191][  0]LogConfig: Setting CVar [[r.CapsuleShadows:1]]
[2020.11.02-16.28.32:191][  0]LogConfig: Applying CVar settings from Section [PostProcessQuality@3] File [C:/Users/JesusYMaria/Desktop/Tutorial Unreal/UnrealTutorial/InfiniteMatrixStarter/Saved/Config/Windows/Scalability.ini]
[2020.11.02-16.28.32:191][  0]LogConfig: Setting CVar [[r.MotionBlurQuality:4]]
[2020.11.02-16.28.32:191][  0]LogConfig: Setting CVar [[r.AmbientOcclusionMipLevelFactor:0.4]]
[2020.11.02-16.28.32:191][  0]LogConfig: Setting CVar [[r.AmbientOcclusionMaxQuality:100]]
[2020.11.02-16.28.32:191][  0]LogConfig: Setting CVar [[r.AmbientOcclusionLevels:-1]]
[2020.11.02-16.28.32:191][  0]LogConfig: Setting CVar [[r.AmbientOcclusionRadiusScale:1.0]]
[2020.11.02-16.28.32:191][  0]LogConfig: Setting CVar [[r.DepthOfFieldQuality:2]]
[2020.11.02-16.28.32:191][  0]LogConfig: Setting CVar [[r.RenderTargetPoolMin:400]]
[2020.11.02-16.28.32:191][  0]LogConfig: Setting CVar [[r.LensFlareQuality:2]]
[2020.11.02-16.28.32:191][  0]LogConfig: Setting CVar [[r.SceneColorFringeQuality:1]]
[2020.11.02-16.28.32:191][  0]LogConfig: Setting CVar [[r.EyeAdaptationQuality:2]]
[2020.11.02-16.28.32:191][  0]LogConfig: Setting CVar [[r.BloomQuality:5]]
[2020.11.02-16.28.32:191][  0]LogConfig: Setting CVar [[r.FastBlurThreshold:100]]
[2020.11.02-16.28.32:191][  0]LogConfig: Setting CVar [[r.Upscale.Quality:3]]
[2020.11.02-16.28.32:191][  0]LogConfig: Setting CVar [[r.Tonemapper.GrainQuantization:1]]
[2020.11.02-16.28.32:191][  0]LogConfig: Setting CVar [[r.LightShaftQuality:1]]
[2020.11.02-16.28.32:192][  0]LogConfig: Setting CVar [[r.Filter.SizeScale:1]]
[2020.11.02-16.28.32:192][  0]LogConfig: Setting CVar [[r.Tonemapper.Quality:5]]
[2020.11.02-16.28.32:192][  0]LogConfig: Setting CVar [[r.DOF.Gather.AccumulatorQuality:1        ; higher gathering accumulator quality]]
[2020.11.02-16.28.32:192][  0]LogConfig: Setting CVar [[r.DOF.Gather.PostfilterMethod:1          ; Median3x3 postfilering method]]
[2020.11.02-16.28.32:192][  0]LogConfig: Setting CVar [[r.DOF.Gather.EnableBokehSettings:0       ; no bokeh simulation when gathering]]
[2020.11.02-16.28.32:192][  0]LogConfig: Setting CVar [[r.DOF.Gather.RingCount:4                 ; medium number of samples when gathering]]
[2020.11.02-16.28.32:192][  0]LogConfig: Setting CVar [[r.DOF.Scatter.ForegroundCompositing:1    ; additive foreground scattering]]
[2020.11.02-16.28.32:192][  0]LogConfig: Setting CVar [[r.DOF.Scatter.BackgroundCompositing:2    ; additive background scattering]]
[2020.11.02-16.28.32:192][  0]LogConfig: Setting CVar [[r.DOF.Scatter.EnableBokehSettings:1      ; bokeh simulation when scattering]]
[2020.11.02-16.28.32:192][  0]LogConfig: Setting CVar [[r.DOF.Scatter.MaxSpriteRatio:0.1         ; only a maximum of 10% of scattered bokeh]]
[2020.11.02-16.28.32:192][  0]LogConfig: Setting CVar [[r.DOF.Recombine.Quality:1                ; cheap slight out of focus]]
[2020.11.02-16.28.32:192][  0]LogConfig: Setting CVar [[r.DOF.Recombine.EnableBokehSettings:0    ; no bokeh simulation on slight out of focus]]
[2020.11.02-16.28.32:192][  0]LogConfig: Setting CVar [[r.DOF.TemporalAAQuality:1                ; more stable temporal accumulation]]
[2020.11.02-16.28.32:192][  0]LogConfig: Setting CVar [[r.DOF.Kernel.MaxForegroundRadius:0.025]]
[2020.11.02-16.28.32:192][  0]LogConfig: Setting CVar [[r.DOF.Kernel.MaxBackgroundRadius:0.025]]
[2020.11.02-16.28.32:192][  0]LogConfig: Applying CVar settings from Section [TextureQuality@3] File [C:/Users/JesusYMaria/Desktop/Tutorial Unreal/UnrealTutorial/InfiniteMatrixStarter/Saved/Config/Windows/Scalability.ini]
[2020.11.02-16.28.32:192][  0]LogConfig: Setting CVar [[r.Streaming.MipBias:0]]
[2020.11.02-16.28.32:192][  0]LogConfig: Setting CVar [[r.Streaming.AmortizeCPUToGPUCopy:0]]
[2020.11.02-16.28.32:192][  0]LogConfig: Setting CVar [[r.Streaming.MaxNumTexturesToStreamPerFrame:0]]
[2020.11.02-16.28.32:192][  0]LogConfig: Setting CVar [[r.Streaming.Boost:1]]
[2020.11.02-16.28.32:192][  0]LogConfig: Setting CVar [[r.MaxAnisotropy:8]]
[2020.11.02-16.28.32:192][  0]LogConfig: Setting CVar [[r.VT.MaxAnisotropy:8]]
[2020.11.02-16.28.32:192][  0]LogConfig: Setting CVar [[r.Streaming.LimitPoolSizeToVRAM:0]]
[2020.11.02-16.28.32:192][  0]LogConfig: Setting CVar [[r.Streaming.PoolSize:1000]]
[2020.11.02-16.28.32:192][  0]LogConfig: Setting CVar [[r.Streaming.MaxEffectiveScreenSize:0]]
[2020.11.02-16.28.32:192][  0]LogConfig: Applying CVar settings from Section [EffectsQuality@3] File [C:/Users/JesusYMaria/Desktop/Tutorial Unreal/UnrealTutorial/InfiniteMatrixStarter/Saved/Config/Windows/Scalability.ini]
[2020.11.02-16.28.32:192][  0]LogConfig: Setting CVar [[r.TranslucencyLightingVolumeDim:64]]
[2020.11.02-16.28.32:192][  0]LogConfig: Setting CVar [[r.RefractionQuality:2]]
[2020.11.02-16.28.32:192][  0]LogConfig: Setting CVar [[r.SSR.Quality:3]]
[2020.11.02-16.28.32:192][  0]LogConfig: Setting CVar [[r.SSR.HalfResSceneColor:0]]
[2020.11.02-16.28.32:192][  0]LogConfig: Setting CVar [[r.SceneColorFormat:4]]
[2020.11.02-16.28.32:192][  0]LogConfig: Setting CVar [[r.DetailMode:2]]
[2020.11.02-16.28.32:192][  0]LogConfig: Setting CVar [[r.TranslucencyVolumeBlur:1]]
[2020.11.02-16.28.32:192][  0]LogConfig: Setting CVar [[r.MaterialQualityLevel:1 ; High quality]]
[2020.11.02-16.28.32:192][  0]LogConfig: Setting CVar [[r.SSS.Scale:1]]
[2020.11.02-16.28.32:192][  0]LogConfig: Setting CVar [[r.SSS.SampleSet:2]]
[2020.11.02-16.28.32:192][  0]LogConfig: Setting CVar [[r.SSS.Quality:1]]
[2020.11.02-16.28.32:192][  0]LogConfig: Setting CVar [[r.SSS.HalfRes:0]]
[2020.11.02-16.28.32:192][  0]LogConfig: Setting CVar [[r.SSGI.Quality:3]]
[2020.11.02-16.28.32:192][  0]LogConfig: Setting CVar [[r.EmitterSpawnRateScale:1.0]]
[2020.11.02-16.28.32:192][  0]LogConfig: Setting CVar [[r.ParticleLightQuality:2]]
[2020.11.02-16.28.32:192][  0]LogConfig: Setting CVar [[r.SkyAtmosphere.AerialPerspectiveLUT.FastApplyOnOpaque:1 ; Always have FastSkyLUT 1 in this case to avoid wrong sky]]
[2020.11.02-16.28.32:192][  0]LogConfig: Setting CVar [[r.SkyAtmosphere.AerialPerspectiveLUT.SampleCountPerSlice:1]]
[2020.11.02-16.28.32:192][  0]LogConfig: Setting CVar [[r.SkyAtmosphere.AerialPerspectiveLUT.DepthResolution:16.0]]
[2020.11.02-16.28.32:192][  0]LogConfig: Setting CVar [[r.SkyAtmosphere.FastSkyLUT:1]]
[2020.11.02-16.28.32:192][  0]LogConfig: Setting CVar [[r.SkyAtmosphere.FastSkyLUT.SampleCountMin:4.0]]
[2020.11.02-16.28.32:192][  0]LogConfig: Setting CVar [[r.SkyAtmosphere.FastSkyLUT.SampleCountMax:32.0]]
[2020.11.02-16.28.32:192][  0]LogConfig: Setting CVar [[r.SkyAtmosphere.SampleCountMin:4.0]]
[2020.11.02-16.28.32:192][  0]LogConfig: Setting CVar [[r.SkyAtmosphere.SampleCountMax:32.0]]
[2020.11.02-16.28.32:192][  0]LogConfig: Setting CVar [[r.SkyAtmosphere.TransmittanceLUT.UseSmallFormat:0]]
[2020.11.02-16.28.32:192][  0]LogConfig: Setting CVar [[r.SkyAtmosphere.TransmittanceLUT.SampleCount:10.0]]
[2020.11.02-16.28.32:192][  0]LogConfig: Setting CVar [[r.SkyAtmosphere.MultiScatteringLUT.SampleCount:15.0]]
[2020.11.02-16.28.32:192][  0]LogConfig: Applying CVar settings from Section [FoliageQuality@3] File [C:/Users/JesusYMaria/Desktop/Tutorial Unreal/UnrealTutorial/InfiniteMatrixStarter/Saved/Config/Windows/Scalability.ini]
[2020.11.02-16.28.32:192][  0]LogConfig: Setting CVar [[foliage.DensityScale:1.0]]
[2020.11.02-16.28.32:192][  0]LogConfig: Setting CVar [[grass.DensityScale:1.0]]
[2020.11.02-16.28.32:192][  0]LogConfig: Applying CVar settings from Section [ShadingQuality@3] File [C:/Users/JesusYMaria/Desktop/Tutorial Unreal/UnrealTutorial/InfiniteMatrixStarter/Saved/Config/Windows/Scalability.ini]
[2020.11.02-16.28.32:192][  0]LogConfig: Setting CVar [[r.HairStrands.SkyLighting.SampleCount:16]]
[2020.11.02-16.28.32:192][  0]LogConfig: Setting CVar [[r.HairStrands.SkyLighting.JitterIntegration:0]]
[2020.11.02-16.28.32:192][  0]LogConfig: Setting CVar [[r.HairStrands.SkyAO.SampleCount:16]]
[2020.11.02-16.28.32:192][  0]LogConfig: Setting CVar [[r.HairStrands.DeepShadow.SuperSampling:0]]
[2020.11.02-16.28.32:192][  0]LogConfig: Setting CVar [[r.HairStrands.VisibilityPPLL:0]]
[2020.11.02-16.28.32:192][  0]LogConfig: Setting CVar [[r.HairStrands.RasterizationScale:0.5]]
[2020.11.02-16.28.32:192][  0]LogConfig: Setting CVar [[r.HairStrands.VelocityRasterizationScale:1]]
[2020.11.02-16.28.32:192][  0]LogConfig: Applying CVar settings from Section [Startup] File [../../../Engine/Config/ConsoleVariables.ini]
[2020.11.02-16.28.32:193][  0]LogConfig: Setting CVar [[net.UseAdaptiveNetUpdateFrequency:0]]
[2020.11.02-16.28.32:193][  0]LogConfig: Setting CVar [[p.chaos.AllowCreatePhysxBodies:1]]
[2020.11.02-16.28.32:193][  0]LogConfig: Setting CVar [[fx.SkipVectorVMBackendOptimizations:1]]
[2020.11.02-16.28.32:193][  0]LogConfig: Applying CVar settings from Section [ConsoleVariables] File [C:/Users/JesusYMaria/Desktop/Tutorial Unreal/UnrealTutorial/InfiniteMatrixStarter/Saved/Config/Windows/Engine.ini]
[2020.11.02-16.28.32:193][  0]LogInit: Computer: DESKTOP-88HEQ3I
[2020.11.02-16.28.32:193][  0]LogInit: User: JesusYMaria
[2020.11.02-16.28.32:193][  0]LogInit: CPU Page size=4096, Cores=4
[2020.11.02-16.28.32:193][  0]LogInit: High frequency timer resolution =10.000000 MHz
[2020.11.02-16.28.32:193][  0]LogMemory: Memory total: Physical=16.0GB (16GB approx)
[2020.11.02-16.28.32:193][  0]LogMemory: Platform Memory Stats for Windows
[2020.11.02-16.28.32:193][  0]LogMemory: Process Physical Memory: 114.09 MB used, 114.09 MB peak
[2020.11.02-16.28.32:193][  0]LogMemory: Process Virtual Memory: 95.41 MB used, 95.41 MB peak
[2020.11.02-16.28.32:193][  0]LogMemory: Physical Memory: 6174.34 MB used,  10169.78 MB free, 16344.11 MB total
[2020.11.02-16.28.32:193][  0]LogMemory: Virtual Memory: 5126.77 MB used,  134212600.00 MB free, 134217728.00 MB total
[2020.11.02-16.28.32:200][  0]LogWindows: WindowsPlatformFeatures enabled
[2020.11.02-16.28.32:247][  0]LogInit: Physics initialised using underlying interface: PhysX
[2020.11.02-16.28.32:248][  0]LogInit: Using OS detected language (gl-ES).
[2020.11.02-16.28.32:248][  0]LogInit: Using OS detected locale (gl-ES).
[2020.11.02-16.28.32:249][  0]LogTextLocalizationManager: No localization for 'gl-ES' exists, so 'en' will be used for the language.
[2020.11.02-16.28.32:421][  0]LogInit: Setting process to per monitor DPI aware
[2020.11.02-16.28.32:446][  0]LogSlate: New Slate User Created.  User Index 0, Is Virtual User: 0
[2020.11.02-16.28.32:446][  0]LogSlate: Slate User Registered.  User Index 0, Is Virtual User: 0
[2020.11.02-16.28.32:620][  0]LogHMD: Failed to initialize OpenVR with code 101
[2020.11.02-16.28.32:620][  0]LogD3D11RHI: D3D11 min allowed feature level: 11_0
[2020.11.02-16.28.32:620][  0]LogD3D11RHI: D3D11 max allowed feature level: 11_0
[2020.11.02-16.28.32:620][  0]LogD3D11RHI: D3D11 adapters:
[2020.11.02-16.28.32:670][  0]LogD3D11RHI:    0. 'NVIDIA GeForce GTX 1060 6GB' (Feature Level 11_0)
[2020.11.02-16.28.32:670][  0]LogD3D11RHI:       6052/0/8172 MB DedicatedVideo/DedicatedSystem/SharedSystem, Outputs:1, VendorId:0x10de
[2020.11.02-16.28.32:672][  0]LogD3D11RHI:    1. 'Microsoft Basic Render Driver' (Feature Level 11_0)
[2020.11.02-16.28.32:672][  0]LogD3D11RHI:       0/0/8172 MB DedicatedVideo/DedicatedSystem/SharedSystem, Outputs:0, VendorId:0x1414
[2020.11.02-16.28.32:672][  0]LogD3D11RHI: Chosen D3D11 Adapter: 0
[2020.11.02-16.28.32:677][  0]LogD3D11RHI: Creating new Direct3DDevice
[2020.11.02-16.28.32:678][  0]LogD3D11RHI:     GPU DeviceId: 0x1c03 (for the marketing name, search the web for "GPU Device Id")
[2020.11.02-16.28.32:678][  0]LogWindows: EnumDisplayDevices:
[2020.11.02-16.28.32:678][  0]LogWindows:    0. 'NVIDIA GeForce GTX 1060 6GB' (P:1 D:1)
[2020.11.02-16.28.32:678][  0]LogWindows:    1. 'NVIDIA GeForce GTX 1060 6GB' (P:0 D:0)
[2020.11.02-16.28.32:678][  0]LogWindows:    2. 'NVIDIA GeForce GTX 1060 6GB' (P:0 D:0)
[2020.11.02-16.28.32:678][  0]LogWindows:    3. 'NVIDIA GeForce GTX 1060 6GB' (P:0 D:0)
[2020.11.02-16.28.32:679][  0]LogWindows: DebugString: FoundDriverCount:4 
[2020.11.02-16.28.32:679][  0]LogD3D11RHI:     Adapter Name: NVIDIA GeForce GTX 1060 6GB
[2020.11.02-16.28.32:679][  0]LogD3D11RHI:   Driver Version: 457.09 (internal:27.21.14.5709, unified:457.09)
[2020.11.02-16.28.32:679][  0]LogD3D11RHI:      Driver Date: 10-22-2020
[2020.11.02-16.28.32:679][  0]LogRHI: Texture pool is 4236 MB (70% of 6052 MB)
[2020.11.02-16.28.32:719][  0]LogD3D11RHI: RHI has support for 64 bit atomics
[2020.11.02-16.28.32:719][  0]LogD3D11RHI: Async texture creation enabled
[2020.11.02-16.28.32:719][  0]LogD3D11RHI: Array index from any shader is supported
[2020.11.02-16.28.32:747][  0]LogD3D11RHI: GPU Timing Frequency: 1000.000000 (Debug: 2 1)
[2020.11.02-16.28.33:009][  0]LogTargetPlatformManager: Display: Loaded TargetPlatform 'AllDesktop'
[2020.11.02-16.28.33:030][  0]LogTargetPlatformManager: Display: Loaded TargetPlatform 'Android'
[2020.11.02-16.28.33:030][  0]LogTargetPlatformManager: Display: Loaded TargetPlatform 'Android_ASTC'
[2020.11.02-16.28.33:030][  0]LogTargetPlatformManager: Display: Loaded TargetPlatform 'Android_DXT'
[2020.11.02-16.28.33:030][  0]LogTargetPlatformManager: Display: Loaded TargetPlatform 'Android_ETC2'
[2020.11.02-16.28.33:030][  0]LogTargetPlatformManager: Display: Loaded TargetPlatform 'AndroidClient'
[2020.11.02-16.28.33:030][  0]LogTargetPlatformManager: Display: Loaded TargetPlatform 'Android_ASTCClient'
[2020.11.02-16.28.33:030][  0]LogTargetPlatformManager: Display: Loaded TargetPlatform 'Android_DXTClient'
[2020.11.02-16.28.33:031][  0]LogTargetPlatformManager: Display: Loaded TargetPlatform 'Android_ETC2Client'
[2020.11.02-16.28.33:031][  0]LogTargetPlatformManager: Display: Loaded TargetPlatform 'Android_Multi'
[2020.11.02-16.28.33:031][  0]LogTargetPlatformManager: Display: Loaded TargetPlatform 'Android_MultiClient'
[2020.11.02-16.28.33:052][  0]LogTargetPlatformManager: Display: Loaded TargetPlatform 'IOSClient'
[2020.11.02-16.28.33:052][  0]LogTargetPlatformManager: Display: Loaded TargetPlatform 'IOS'
[2020.11.02-16.28.33:062][  0]LogTargetPlatformManager: Display: Loaded TargetPlatform 'Linux'
[2020.11.02-16.28.33:070][  0]LogTargetPlatformManager: Display: Loaded TargetPlatform 'LinuxNoEditor'
[2020.11.02-16.28.33:079][  0]LogTargetPlatformManager: Display: Loaded TargetPlatform 'LinuxClient'
[2020.11.02-16.28.33:087][  0]LogTargetPlatformManager: Display: Loaded TargetPlatform 'LinuxServer'
[2020.11.02-16.28.33:096][  0]LogTargetPlatformManager: Display: Loaded TargetPlatform 'LinuxAArch64NoEditor'
[2020.11.02-16.28.33:104][  0]LogTargetPlatformManager: Display: Loaded TargetPlatform 'LinuxAArch64Client'
[2020.11.02-16.28.33:113][  0]LogTargetPlatformManager: Display: Loaded TargetPlatform 'LinuxAArch64Server'
[2020.11.02-16.28.33:137][  0]LogTargetPlatformManager: Display: Loaded TargetPlatform 'Lumin'
[2020.11.02-16.28.33:137][  0]LogTargetPlatformManager: Display: Loaded TargetPlatform 'LuminClient'
[2020.11.02-16.28.33:151][  0]LogTargetPlatformManager: Display: Loaded TargetPlatform 'TVOSClient'
[2020.11.02-16.28.33:151][  0]LogTargetPlatformManager: Display: Loaded TargetPlatform 'TVOS'
[2020.11.02-16.28.33:160][  0]LogTargetPlatformManager: Display: Loaded TargetPlatform 'WindowsNoEditor'
[2020.11.02-16.28.33:169][  0]LogTargetPlatformManager: Display: Loaded TargetPlatform 'Windows'
[2020.11.02-16.28.33:177][  0]LogTargetPlatformManager: Display: Loaded TargetPlatform 'WindowsClient'
[2020.11.02-16.28.33:186][  0]LogTargetPlatformManager: Display: Loaded TargetPlatform 'WindowsServer'
[2020.11.02-16.28.33:186][  0]LogTargetPlatformManager: Display: Building Assets For Windows
[2020.11.02-16.28.33:194][  0]LogAudioDebug: Display: Lib vorbis DLL was dynamically loaded.
[2020.11.02-16.28.33:252][  0]LogShaderCompilers: Guid format shader working directory is -29 characters bigger than the processId version (C:/Users/JesusYMaria/Desktop/Tutorial Unreal/UnrealTutorial/InfiniteMatrixStarter/Intermediate/Shaders/WorkingDirectory/7352/).
[2020.11.02-16.28.33:252][  0]LogShaderCompilers: Cleaned the shader compiler working directory 'C:/Users/JesusYMaria/AppData/Local/Temp/UnrealShaderWorkingDir/FC2D85E7450032172D329ABFBA658BE2/'.
[2020.11.02-16.28.33:252][  0]LogXGEController: Cannot use XGE Controller as Incredibuild is not installed on this machine.
[2020.11.02-16.28.33:253][  0]LogShaderCompilers: Cannot use XGE Shader Compiler as Incredibuild is not installed on this machine.
[2020.11.02-16.28.33:253][  0]LogShaderCompilers: Display: Using Local Shader Compiler.
[2020.11.02-16.28.33:972][  0]LogDerivedDataCache: Display: Max Cache Size: 512 MB
[2020.11.02-16.28.34:028][  0]LogDerivedDataCache: Loaded boot cache 0.06s 75MB C:/Users/JesusYMaria/AppData/Local/UnrealEngine/4.25/DerivedDataCache/Boot.ddc.
[2020.11.02-16.28.34:029][  0]LogDerivedDataCache: Display: Loaded Boot cache: C:/Users/JesusYMaria/AppData/Local/UnrealEngine/4.25/DerivedDataCache/Boot.ddc
[2020.11.02-16.28.34:029][  0]LogDerivedDataCache: FDerivedDataBackendGraph:  Pak pak cache file C:/Users/JesusYMaria/Desktop/Tutorial Unreal/UnrealTutorial/InfiniteMatrixStarter/DerivedDataCache/DDC.ddp not found, will not use a pak cache.
[2020.11.02-16.28.34:029][  0]LogDerivedDataCache: Unable to find inner node Pak for hierarchical cache Hierarchy.
[2020.11.02-16.28.34:029][  0]LogDerivedDataCache: FDerivedDataBackendGraph:  CompressedPak pak cache file C:/Users/JesusYMaria/Desktop/Tutorial Unreal/UnrealTutorial/InfiniteMatrixStarter/DerivedDataCache/Compressed.ddp not found, will not use a pak cache.
[2020.11.02-16.28.34:029][  0]LogDerivedDataCache: Unable to find inner node CompressedPak for hierarchical cache Hierarchy.
[2020.11.02-16.28.34:037][  0]LogDerivedDataCache: Display: Pak cache opened for reading ../../../Engine/DerivedDataCache/Compressed.ddp.
[2020.11.02-16.28.34:038][  0]LogDerivedDataCache: FDerivedDataBackendGraph:  EnterprisePak pak cache file ../../../Enterprise/DerivedDataCache/Compressed.ddp not found, will not use a pak cache.
[2020.11.02-16.28.34:038][  0]LogDerivedDataCache: Unable to find inner node EnterprisePak for hierarchical cache Hierarchy.
[2020.11.02-16.28.34:039][  0]LogDerivedDataCache: Using Local data cache path C:/Users/JesusYMaria/AppData/Local/UnrealEngine/Common/DerivedDataCache: Writable
[2020.11.02-16.28.34:039][  0]LogDerivedDataCache: Shared data cache path not found in *engine.ini, will not use an Shared cache.
[2020.11.02-16.28.34:039][  0]LogDerivedDataCache: Unable to find inner node Shared for hierarchical cache Hierarchy.
[2020.11.02-16.28.34:084][  0]LogSlate: Using FreeType 2.10.0
[2020.11.02-16.28.34:085][  0]LogSlate: SlateFontServices - WITH_FREETYPE: 1, WITH_HARFBUZZ: 1
[2020.11.02-16.28.34:116][  0]LogAssetRegistry: FAssetRegistry took 0.0030 seconds to start up
[2020.11.02-16.28.34:321][  0]LogInit: Selected Device Profile: [Windows]
[2020.11.02-16.28.34:425][  0]LogMeshReduction: Using QuadricMeshReduction for automatic static mesh reduction
[2020.11.02-16.28.34:425][  0]LogMeshReduction: Using SimplygonMeshReduction for automatic skeletal mesh reduction
[2020.11.02-16.28.34:425][  0]LogMeshReduction: Using ProxyLODMeshReduction for automatic mesh merging
[2020.11.02-16.28.34:425][  0]LogMeshReduction: No distributed automatic mesh merging module available
[2020.11.02-16.28.34:425][  0]LogMeshMerging: No distributed automatic mesh merging module available
[2020.11.02-16.28.34:439][  0]LogNetVersion: InfiniteMatrix 1.0.0, NetCL: 13144385, EngineNetVer: 14, GameNetVer: 0 (Checksum: 2926519042)
[2020.11.02-16.28.34:943][  0]LogAISub: UAISubsystem::UAISubsystem AISubsystem (000001E2630E5BC0), frame # 0
[2020.11.02-16.28.34:943][  0]LogAISub: UAISubsystem::UAISubsystem AIPerceptionSystem (000001E2630702C0), frame # 0
[2020.11.02-16.28.34:944][  0]LogAISub: UAISubsystem::UAISubsystem EnvQueryManager (000001E263089E00), frame # 0
[2020.11.02-16.28.34:996][  0]LogPackageLocalizationCache: Processed 19 localized package path(s) for 1 prioritized culture(s) in 0.047156 seconds
[2020.11.02-16.28.35:001][  0]LogUObjectArray: 15917 objects as part of root set at end of initial load.
[2020.11.02-16.28.35:001][  0]LogUObjectAllocator: 3965568 out of 0 bytes used by permanent object pool.
[2020.11.02-16.28.35:001][  0]LogUObjectArray: CloseDisregardForGC: 0/0 objects in disregard for GC pool
[2020.11.02-16.28.35:321][  0]LogTcpMessaging: Initializing TcpMessaging bridge
[2020.11.02-16.28.35:326][  0]LogUdpMessaging: Initializing bridge on interface 0.0.0.0:0 to multicast group 230.0.0.1:6666.
[2020.11.02-16.28.35:413][  0]SourceControl: Source control is disabled
[2020.11.02-16.28.35:413][  0]SourceControl: Source control is disabled
[2020.11.02-16.28.35:416][  0]SourceControl: Source control is disabled
[2020.11.02-16.28.35:420][  0]SourceControl: Source control is disabled
[2020.11.02-16.28.35:427][  0]SourceControl: Source control is disabled
[2020.11.02-16.28.35:443][  0]LogVSAccessor: Display: Unable to create Visual Studio setup instance: 80040154
[2020.11.02-16.28.35:443][  0]LogVSAccessor: Display: Unable to create Visual Studio setup instance: 80040154
[2020.11.02-16.28.35:667][  0]LogAndroidPermission: UAndroidPermissionCallbackProxy::GetInstance
[2020.11.02-16.28.35:687][  0]LogAudioCaptureCore: Display: No Audio Capture implementations found. Audio input will be silent.
[2020.11.02-16.28.35:687][  0]LogAudioCaptureCore: Display: No Audio Capture implementations found. Audio input will be silent.
[2020.11.02-16.28.35:732][  0]LogOcInput: OculusInput pre-init called
[2020.11.02-16.28.35:741][  0]LogWindows: Failed to load 'OVRPlugin.dll' (GetLastError=126)
[2020.11.02-16.28.35:741][  0]LogWindows: File 'OVRPlugin.dll' does not exist
[2020.11.02-16.28.35:796][  0]LogEngine: Initializing Engine...
[2020.11.02-16.28.35:798][  0]LogHMD: Failed to initialize OpenVR with code 101
[2020.11.02-16.28.35:798][  0]LogMagicLeap: Warning: VR disabled because ZI is not enabled.  To enable, in the editor, Edit -> Project Settings -> Plugins -> Magic Leap Plugin -> Enable Zero Iteration
[2020.11.02-16.28.35:799][  0]LogStats: UGameplayTagsManager::InitializeManager -  0.000 s
[2020.11.02-16.28.35:917][  0]LogInit: Initializing FReadOnlyCVARCache
[2020.11.02-16.28.35:925][  0]LogAIModule: Creating AISystem for world Untitled
[2020.11.02-16.28.35:925][  0]LogAISub: UAISubsystem::UAISubsystem EnvQueryManager (000001E2664BC600), frame # 0
[2020.11.02-16.28.35:925][  0]LogAISub: UAISubsystem::UAISubsystem AIPerceptionSystem (000001E26646FB00), frame # 0
[2020.11.02-16.28.35:945][  0]LogAudioMixer: Display: Audio Mixer Platform Settings:
[2020.11.02-16.28.35:945][  0]LogAudioMixer: Display: 	Sample Rate:						  48000
[2020.11.02-16.28.35:946][  0]LogAudioMixer: Display: 	Callback Buffer Frame Size Requested: 1024
[2020.11.02-16.28.35:946][  0]LogAudioMixer: Display: 	Callback Buffer Frame Size To Use:	  1024
[2020.11.02-16.28.35:946][  0]LogAudioMixer: Display: 	Number of buffers to queue:			  2
[2020.11.02-16.28.35:946][  0]LogAudioMixer: Display: 	Max Channels (voices):				  32
[2020.11.02-16.28.35:946][  0]LogAudioMixer: Display: 	Number of Async Source Workers:		  0
[2020.11.02-16.28.35:946][  0]LogAudio: Display: AudioDevice MaxSources: 32
[2020.11.02-16.28.35:946][  0]LogAudio: Display: Using built-in audio occlusion.
[2020.11.02-16.28.35:946][  0]LogAudioMixer: Display: Initializing audio mixer.
[2020.11.02-16.28.35:961][  0]LogAudioMixer: Display: 0: FrontLeft
[2020.11.02-16.28.35:962][  0]LogAudioMixer: Display: 1: FrontRight
[2020.11.02-16.28.35:995][  0]LogAudioMixer: Display: Using Audio Device MSI MAG241CR (NVIDIA High Definition Audio)
[2020.11.02-16.28.35:998][  0]LogAudioMixer: Display: Initializing Sound Submixes...
[2020.11.02-16.28.36:000][  0]LogAudioMixer: Display: Creating Master Submix 'MasterSubmixDefault'
[2020.11.02-16.28.36:000][  0]LogAudioMixer: Display: Creating Master Submix 'MasterReverbSubmixDefault'
[2020.11.02-16.28.36:001][  0]LogAudioMixer: Display: Creating Master Submix 'MasterEQSubmixDefault'
[2020.11.02-16.28.36:002][  0]LogInit: FAudioDevice initialized.
[2020.11.02-16.28.36:002][  0]LogNetVersion: Set ProjectVersion to 1.0.0.0. Version Checksum will be recalculated on next use.
[2020.11.02-16.28.36:139][  0]LogDerivedDataCache: Saved boot cache 0.14s 75MB C:/Users/JesusYMaria/AppData/Local/UnrealEngine/4.25/DerivedDataCache/Boot.ddc.
[2020.11.02-16.28.36:143][  0]LogInit: Texture streaming: Enabled
[2020.11.02-16.28.36:158][  0]LogEngineSessionManager: EngineSessionManager initialized
[2020.11.02-16.28.36:158][  0]LogEditorSessionSummary: Verbose: Initializing EditorSessionSummaryWriter for editor session tracking
[2020.11.02-16.28.36:160][  0]LogEditorSessionSummary: EditorSessionSummaryWriter initialized
[2020.11.02-16.28.36:216][  0]LogInit: Transaction tracking system initialized
[2020.11.02-16.28.36:237][  0]BlueprintLog: New page: Editor Load
[2020.11.02-16.28.36:303][  0]LocalizationService: Localization service is disabled
[2020.11.02-16.28.36:375][  0]LogVSAccessor: Display: Unable to create Visual Studio setup instance: 80040154
[2020.11.02-16.28.36:375][  0]LogVSAccessor: Display: Unable to create Visual Studio setup instance: 80040154
[2020.11.02-16.28.36:433][  0]LogCook: Display: Max memory allowance for cook 16384mb min free memory 0mb
[2020.11.02-16.28.36:433][  0]LogCook: Display: Mobile HDR setting 1
[2020.11.02-16.28.36:557][  0]LogFileCache: Scanning file cache for directory 'C:/Users/JesusYMaria/Desktop/Tutorial Unreal/UnrealTutorial/InfiniteMatrixStarter/Content/' took 0.00s
[2020.11.02-16.28.36:788][  0]SourceControl: Source control is disabled
[2020.11.02-16.28.36:788][  0]LogUnrealEdMisc: Loading editor; pre map load, took 6.236
[2020.11.02-16.28.36:788][  0]Cmd: MAP LOAD FILE="C:/Users/JesusYMaria/Desktop/Tutorial Unreal/UnrealTutorial/InfiniteMatrixStarter/Content/InfiniteMatrix/Maps/TutorialMap.umap" TEMPLATE=0 SHOWPROGRESS=1 FEATURELEVEL=3
[2020.11.02-16.28.36:788][  0]LightingResults: New page: Lighting Build
[2020.11.02-16.28.36:789][  0]LogWorld: UWorld::CleanupWorld for Untitled, bSessionEnded=true, bCleanupResources=true
[2020.11.02-16.28.36:789][  0]LogSlate: InvalidateAllWidgets triggered.  All widgets were invalidated
[2020.11.02-16.28.36:789][  0]MapCheck: New page: Map Check
[2020.11.02-16.28.36:789][  0]LightingResults: New page: Lighting Build
[2020.11.02-16.28.36:797][  0]LogAISub: UAISubsystem::~UAISubsystem EnvQueryManager (000001E2664BC600), frame # 0
[2020.11.02-16.28.36:797][  0]LogAISub: UAISubsystem::~UAISubsystem AIPerceptionSystem (000001E26646FB00), frame # 0
[2020.11.02-16.28.36:798][  0]LogUObjectHash: Compacting FUObjectHashTables data took   0.82ms
[2020.11.02-16.28.36:844][  0]LogAIModule: Creating AISystem for world TutorialMap
[2020.11.02-16.28.36:845][  0]LogAISub: UAISubsystem::UAISubsystem EnvQueryManager (000001E258BC1000), frame # 0
[2020.11.02-16.28.36:845][  0]LogAISub: UAISubsystem::UAISubsystem AIPerceptionSystem (000001E25851C680), frame # 0
[2020.11.02-16.28.36:846][  0]LogEditorServer: Finished looking for orphan Actors (0.000 secs)
[2020.11.02-16.28.36:855][  0]LogUObjectHash: Compacting FUObjectHashTables data took   0.84ms
[2020.11.02-16.28.36:855][  0]Cmd: MAP CHECKDEP NOCLEARLOG
[2020.11.02-16.28.36:855][  0]MapCheck: Map check complete: 0 Error(s), 0 Warning(s), took 0,115ms to complete.
[2020.11.02-16.28.36:855][  0]LogFileHelpers: Loading map 'TutorialMap' took 0.067
[2020.11.02-16.28.36:857][  0]LogUnrealEdMisc: Total Editor Startup Time, took 6.305
[2020.11.02-16.28.37:008][  0]LogSlate: Updating window title bar state: overlay mode, drag disabled, window buttons hidden, title bar hidden
[2020.11.02-16.28.37:014][  0]LogSlate: Updating window title bar state: overlay mode, drag disabled, window buttons hidden, title bar hidden
[2020.11.02-16.28.37:020][  0]LogSlate: Updating window title bar state: overlay mode, drag disabled, window buttons hidden, title bar hidden
[2020.11.02-16.28.37:027][  0]LogSlate: Updating window title bar state: overlay mode, drag disabled, window buttons hidden, title bar hidden
[2020.11.02-16.28.37:032][  0]LogCollectionManager: Loaded 0 collections in 0.000703 seconds
[2020.11.02-16.28.37:043][  0]LogFileCache: Scanning file cache for directory 'C:/Users/JesusYMaria/Desktop/Tutorial Unreal/UnrealTutorial/InfiniteMatrixStarter/Saved/Collections/' took 0.00s
[2020.11.02-16.28.37:043][  0]LogFileCache: Scanning file cache for directory 'C:/Users/JesusYMaria/Desktop/Tutorial Unreal/UnrealTutorial/InfiniteMatrixStarter/Content/Developers/JesusYMaria/Collections/' took 0.00s
[2020.11.02-16.28.37:043][  0]LogFileCache: Scanning file cache for directory 'C:/Users/JesusYMaria/Desktop/Tutorial Unreal/UnrealTutorial/InfiniteMatrixStarter/Content/Collections/' took 0.00s
[2020.11.02-16.28.37:043][  0]LogContentBrowser: Native class hierarchy populated in 0.0077 seconds. Added 3427 classes and 821 folders.
[2020.11.02-16.28.37:046][  0]LogContentBrowser: Native class hierarchy updated for 'WidgetCarousel' in 0.0002 seconds. Added 0 classes and 0 folders.
[2020.11.02-16.28.37:105][  0]LogContentBrowser: Native class hierarchy updated for 'AddContentDialog' in 0.0002 seconds. Added 0 classes and 0 folders.
[2020.11.02-16.28.37:106][  0]LogContentBrowser: Native class hierarchy updated for 'SceneOutliner' in 0.0002 seconds. Added 2 classes and 0 folders.
[2020.11.02-16.28.37:198][  0]LogSlate: Took 0.000264 seconds to synchronously load lazily loaded font '../../../Engine/Content/Slate/Fonts/Roboto-Regular.ttf' (155K)
[2020.11.02-16.28.37:200][  0]LogSlate: Took 0.000176 seconds to synchronously load lazily loaded font '../../../Engine/Content/Slate/Fonts/Roboto-Bold.ttf' (160K)
[2020.11.02-16.28.37:202][  0]LogSlate: Took 0.000148 seconds to synchronously load lazily loaded font '../../../Engine/Content/Editor/Slate/Fonts/FontAwesome.ttf' (139K)
[2020.11.02-16.28.37:247][  0]LogRenderer: Reallocating scene render targets to support 1528x468 Format 10 NumSamples 1 (Frame:1).
[2020.11.02-16.28.37:317][  0]LogContentBrowser: Native class hierarchy updated for 'HierarchicalLODOutliner' in 0.0004 seconds. Added 0 classes and 0 folders.
[2020.11.02-16.28.37:317][  0]LogLoad: (Engine Initialization) Total time: 6.77 seconds
[2020.11.02-16.28.37:318][  0]LogLoad: (Engine Initialization) Total Blueprint compile time: 0.00 seconds
[2020.11.02-16.28.37:373][  0]LogAssetRegistry: Asset discovery search completed in 3.2580 seconds
[2020.11.02-16.28.37:376][  0]LogCollectionManager: Fixed up redirectors for 0 collections in 0.000002 seconds (updated 0 objects)
[2020.11.02-16.28.37:377][  0]LogContentStreaming: Texture pool size now 1000 MB
[2020.11.02-16.28.37:405][  0]LogSlate: Took 0.000165 seconds to synchronously load lazily loaded font '../../../Engine/Content/Slate/Fonts/Roboto-Light.ttf' (167K)
[2020.11.02-16.29.27:950][517]Cmd: DELETE
[2020.11.02-16.29.27:950][517]Cmd: ACTOR DELETE
[2020.11.02-16.29.27:952][517]LogEditorActor: Deleted Actor: BP_Tunnel_C
[2020.11.02-16.29.27:960][517]LogUObjectHash: Compacting FUObjectHashTables data took   0.44ms
[2020.11.02-16.29.27:961][517]LogEditorActor: Deleted 1 Actors (0.011 secs)
[2020.11.02-16.29.31:612][938]LogTemp: Repeating last play command: Simulate
[2020.11.02-16.29.31:626][938]LogPlayLevel: PlayLevel: No blueprints needed recompiling
[2020.11.02-16.29.31:627][938]PIE: New page: SIE session: TutorialMap (16:29:31, 2 de nov. de 2020)
[2020.11.02-16.29.31:628][938]LogOnline: OSS: Creating online subsystem instance for: NULL
[2020.11.02-16.29.31:628][938]LogOnline: OSS: TryLoadSubsystemAndSetDefault: Loaded subsystem for module [NULL]
[2020.11.02-16.29.31:629][938]LogPlayLevel: Creating play world package: /Game/InfiniteMatrix/Maps/UEDPIE_0_TutorialMap
[2020.11.02-16.29.31:630][938]LogPlayLevel: PIE: StaticDuplicateObject took: (0.001246s)
[2020.11.02-16.29.31:631][938]LogAIModule: Creating AISystem for world TutorialMap
[2020.11.02-16.29.31:631][938]LogAISub: UAISubsystem::UAISubsystem EnvQueryManager (000001E2789BB600), frame # 938
[2020.11.02-16.29.31:631][938]LogAISub: UAISubsystem::UAISubsystem AIPerceptionSystem (000001E2584FEC00), frame # 938
[2020.11.02-16.29.31:631][938]LogPlayLevel: PIE: World Init took: (0.000862s)
[2020.11.02-16.29.31:631][938]LogPlayLevel: PIE: Created PIE world by copying editor world from /Game/InfiniteMatrix/Maps/TutorialMap.TutorialMap to /Game/InfiniteMatrix/Maps/UEDPIE_0_TutorialMap.TutorialMap (0.002223s)
[2020.11.02-16.29.31:638][938]LogUObjectHash: Compacting FUObjectHashTables data took   0.60ms
[2020.11.02-16.29.31:639][938]LogAudioMixer: Display: Audio Mixer Platform Settings:
[2020.11.02-16.29.31:639][938]LogAudioMixer: Display: 	Sample Rate:						  48000
[2020.11.02-16.29.31:639][938]LogAudioMixer: Display: 	Callback Buffer Frame Size Requested: 1024
[2020.11.02-16.29.31:639][938]LogAudioMixer: Display: 	Callback Buffer Frame Size To Use:	  1024
[2020.11.02-16.29.31:639][938]LogAudioMixer: Display: 	Number of buffers to queue:			  2
[2020.11.02-16.29.31:639][938]LogAudioMixer: Display: 	Max Channels (voices):				  32
[2020.11.02-16.29.31:639][938]LogAudioMixer: Display: 	Number of Async Source Workers:		  0
[2020.11.02-16.29.31:639][938]LogAudio: Display: AudioDevice MaxSources: 32
[2020.11.02-16.29.31:640][938]LogAudio: Display: Using built-in audio occlusion.
[2020.11.02-16.29.31:640][938]LogAudioMixer: Display: Initializing audio mixer.
[2020.11.02-16.29.31:647][938]LogAudioMixer: Display: 0: FrontLeft
[2020.11.02-16.29.31:647][938]LogAudioMixer: Display: 1: FrontRight
[2020.11.02-16.29.31:665][938]LogAudioMixer: Display: Using Audio Device MSI MAG241CR (NVIDIA High Definition Audio)
[2020.11.02-16.29.31:665][938]LogAudioMixer: Display: Initializing Sound Submixes...
[2020.11.02-16.29.31:665][938]LogAudioMixer: Display: Creating Master Submix 'MasterSubmixDefault'
[2020.11.02-16.29.31:665][938]LogAudioMixer: Display: Creating Master Submix 'MasterReverbSubmixDefault'
[2020.11.02-16.29.31:666][938]LogAudioMixer: Display: Creating Master Submix 'MasterEQSubmixDefault'
[2020.11.02-16.29.31:677][938]LogInit: FAudioDevice initialized.
[2020.11.02-16.29.31:686][938]LogLoad: Game class is 'GM_Tutorial_C'
[2020.11.02-16.29.31:687][938]LogWorld: Bringing World /Game/InfiniteMatrix/Maps/UEDPIE_0_TutorialMap.TutorialMap up for play (max tick rate 0) at 2020.11.02-16.29.31
[2020.11.02-16.29.31:687][938]LogWorld: Bringing up level for play took: 0.000321
[2020.11.02-16.29.31:687][938]LogOnline: OSS: Creating online subsystem instance for: :Context_4
[2020.11.02-16.29.31:690][938]LogContentBrowser: Native class hierarchy updated for 'MovieSceneCapture' in 0.0003 seconds. Added 20 classes and 0 folders.
[2020.11.02-16.29.31:691][938]PIE: Server logged in
[2020.11.02-16.29.31:692][938]PIE: Play in editor total start time 0,066 seconds.
[2020.11.02-16.29.51:109][436]LogSlate: Updating window title bar state: overlay mode, drag disabled, window buttons hidden, title bar hidden
[2020.11.02-16.29.51:109][436]LogWorld: BeginTearingDown for /Game/InfiniteMatrix/Maps/UEDPIE_0_TutorialMap
[2020.11.02-16.29.51:109][436]LogWorld: UWorld::CleanupWorld for TutorialMap, bSessionEnded=true, bCleanupResources=true
[2020.11.02-16.29.51:110][436]LogSlate: InvalidateAllWidgets triggered.  All widgets were invalidated
[2020.11.02-16.29.51:115][436]LogPlayLevel: Display: Shutting down PIE online subsystems
[2020.11.02-16.29.51:116][436]LogSlate: InvalidateAllWidgets triggered.  All widgets were invalidated
[2020.11.02-16.29.51:136][436]LogSlate: Updating window title bar state: overlay mode, drag disabled, window buttons hidden, title bar hidden
[2020.11.02-16.29.51:136][436]LogAISub: UAISubsystem::~UAISubsystem EnvQueryManager (000001E2789BB600), frame # 2436
[2020.11.02-16.29.51:137][436]LogAISub: UAISubsystem::~UAISubsystem AIPerceptionSystem (000001E2584FEC00), frame # 2436
[2020.11.02-16.29.51:137][436]LogUObjectHash: Compacting FUObjectHashTables data took   0.49ms
[2020.11.02-16.29.51:173][439]LogPlayLevel: Display: Destroying online subsystem :Context_4
[2020.11.02-16.30.05:651][757]LogSlate: Took 0.000191 seconds to synchronously load lazily loaded font '../../../Engine/Content/Slate/Fonts/Roboto-Light.ttf' (167K)
[2020.11.02-16.30.05:679][757]LogUObjectHash: Compacting FUObjectHashTables data took   0.45ms
[2020.11.02-16.30.05:700][757]LogSavePackage: Moving 'C:/Users/JesusYMaria/Desktop/Tutorial Unreal/UnrealTutorial/InfiniteMatrixStarter/Saved/TutorialMapB7554C484133DFA53CCE4E82629890A6.tmp' to 'C:/Users/JesusYMaria/Desktop/Tutorial Unreal/UnrealTutorial/InfiniteMatrixStarter/Content/InfiniteMatrix/Maps/TutorialMap.umap'
[2020.11.02-16.30.05:734][757]AssetCheck: New page: Asset Save: multiple assets
[2020.11.02-16.30.05:734][757]LogContentValidation: Display: Validating World /Game/InfiniteMatrix/Maps/TutorialMap.TutorialMap
[2020.11.02-16.30.05:734][757]LogContentValidation: Display: Validating MapBuildDataRegistry /Game/InfiniteMatrix/Maps/TutorialMap.TutorialMap_BuiltData
[2020.11.02-16.30.52:153][ 21]LogEditorViewport: Clicking Background
[2020.11.02-16.30.53:261][132]LogTemp: Repeating last play command: Simulate
[2020.11.02-16.30.53:275][132]LogPlayLevel: PlayLevel: No blueprints needed recompiling
[2020.11.02-16.30.53:275][132]PIE: New page: SIE session: TutorialMap (16:30:53, 2 de nov. de 2020)
[2020.11.02-16.30.53:312][132]LogPlayLevel: Creating play world package: /Game/InfiniteMatrix/Maps/UEDPIE_0_TutorialMap
[2020.11.02-16.30.53:314][132]LogPlayLevel: PIE: StaticDuplicateObject took: (0.001275s)
[2020.11.02-16.30.53:314][132]LogAIModule: Creating AISystem for world TutorialMap
[2020.11.02-16.30.53:315][132]LogAISub: UAISubsystem::UAISubsystem EnvQueryManager (000001E213467C00), frame # 3132
[2020.11.02-16.30.53:315][132]LogAISub: UAISubsystem::UAISubsystem AIPerceptionSystem (000001E258556AC0), frame # 3132
[2020.11.02-16.30.53:315][132]LogPlayLevel: PIE: World Init took: (0.000948s)
[2020.11.02-16.30.53:315][132]LogPlayLevel: PIE: Created PIE world by copying editor world from /Game/InfiniteMatrix/Maps/TutorialMap.TutorialMap to /Game/InfiniteMatrix/Maps/UEDPIE_0_TutorialMap.TutorialMap (0.002362s)
[2020.11.02-16.30.53:322][132]LogUObjectHash: Compacting FUObjectHashTables data took   0.49ms
[2020.11.02-16.30.53:323][132]LogAudioMixer: Display: Audio Mixer Platform Settings:
[2020.11.02-16.30.53:323][132]LogAudioMixer: Display: 	Sample Rate:						  48000
[2020.11.02-16.30.53:323][132]LogAudioMixer: Display: 	Callback Buffer Frame Size Requested: 1024
[2020.11.02-16.30.53:323][132]LogAudioMixer: Display: 	Callback Buffer Frame Size To Use:	  1024
[2020.11.02-16.30.53:323][132]LogAudioMixer: Display: 	Number of buffers to queue:			  2
[2020.11.02-16.30.53:323][132]LogAudioMixer: Display: 	Max Channels (voices):				  32
[2020.11.02-16.30.53:323][132]LogAudioMixer: Display: 	Number of Async Source Workers:		  0
[2020.11.02-16.30.53:323][132]LogAudio: Display: AudioDevice MaxSources: 32
[2020.11.02-16.30.53:324][132]LogAudio: Display: Using built-in audio occlusion.
[2020.11.02-16.30.53:324][132]LogAudioMixer: Display: Initializing audio mixer.
[2020.11.02-16.30.53:330][132]LogAudioMixer: Display: 0: FrontLeft
[2020.11.02-16.30.53:330][132]LogAudioMixer: Display: 1: FrontRight
[2020.11.02-16.30.53:349][132]LogAudioMixer: Display: Using Audio Device MSI MAG241CR (NVIDIA High Definition Audio)
[2020.11.02-16.30.53:349][132]LogAudioMixer: Display: Initializing Sound Submixes...
[2020.11.02-16.30.53:349][132]LogAudioMixer: Display: Creating Master Submix 'MasterSubmixDefault'
[2020.11.02-16.30.53:349][132]LogAudioMixer: Display: Creating Master Submix 'MasterReverbSubmixDefault'
[2020.11.02-16.30.53:349][132]LogAudioMixer: Display: Creating Master Submix 'MasterEQSubmixDefault'
[2020.11.02-16.30.53:359][132]LogInit: FAudioDevice initialized.
[2020.11.02-16.30.53:367][132]LogLoad: Game class is 'GM_Tutorial_C'
[2020.11.02-16.30.53:368][132]LogWorld: Bringing World /Game/InfiniteMatrix/Maps/UEDPIE_0_TutorialMap.TutorialMap up for play (max tick rate 0) at 2020.11.02-16.30.53
[2020.11.02-16.30.53:368][132]LogWorld: Bringing up level for play took: 0.000342
[2020.11.02-16.30.53:368][132]LogOnline: OSS: Creating online subsystem instance for: :Context_5
[2020.11.02-16.30.53:371][132]PIE: Server logged in
[2020.11.02-16.30.53:371][132]PIE: Play in editor total start time 0,096 seconds.
[2020.11.02-16.31.04:054][407]Cmd: SELECT NONE
[2020.11.02-16.31.04:329][440]Cmd: SELECT NONE
[2020.11.02-16.31.04:755][486]LogSlate: Updating window title bar state: overlay mode, drag disabled, window buttons hidden, title bar hidden
[2020.11.02-16.31.04:755][486]LogWorld: BeginTearingDown for /Game/InfiniteMatrix/Maps/UEDPIE_0_TutorialMap
[2020.11.02-16.31.04:755][486]LogWorld: UWorld::CleanupWorld for TutorialMap, bSessionEnded=true, bCleanupResources=true
[2020.11.02-16.31.04:755][486]LogSlate: InvalidateAllWidgets triggered.  All widgets were invalidated
[2020.11.02-16.31.04:762][486]LogPlayLevel: Display: Shutting down PIE online subsystems
[2020.11.02-16.31.04:763][486]LogSlate: InvalidateAllWidgets triggered.  All widgets were invalidated
[2020.11.02-16.31.04:770][486]LogSlate: Updating window title bar state: overlay mode, drag disabled, window buttons hidden, title bar hidden
[2020.11.02-16.31.04:783][486]LogAISub: UAISubsystem::~UAISubsystem AIPerceptionSystem (000001E258556AC0), frame # 4486
[2020.11.02-16.31.04:783][486]LogAISub: UAISubsystem::~UAISubsystem EnvQueryManager (000001E213467C00), frame # 4486
[2020.11.02-16.31.04:783][486]LogUObjectHash: Compacting FUObjectHashTables data took   0.47ms
[2020.11.02-16.31.04:821][489]LogPlayLevel: Display: Destroying online subsystem :Context_5
[2020.11.02-16.36.53:057][755]LogSlate: Window 'Tutorials' being destroyed
[2020.11.02-16.36.54:801][955]LogEditorViewport: Clicking Background
[2020.11.02-17.02.10:078][ 68]LogTemp: Repeating last play command: Simulate
[2020.11.02-17.02.10:092][ 68]LogPlayLevel: PlayLevel: No blueprints needed recompiling
[2020.11.02-17.02.10:092][ 68]PIE: New page: SIE session: TutorialMap (17:02:10, 2 de nov. de 2020)
[2020.11.02-17.02.10:092][ 68]LogPlayLevel: Creating play world package: /Game/InfiniteMatrix/Maps/UEDPIE_0_TutorialMap
[2020.11.02-17.02.10:094][ 68]LogPlayLevel: PIE: StaticDuplicateObject took: (0.001474s)
[2020.11.02-17.02.10:095][ 68]LogAIModule: Creating AISystem for world TutorialMap
[2020.11.02-17.02.10:095][ 68]LogAISub: UAISubsystem::UAISubsystem EnvQueryManager (000001E279311A00), frame # 11068
[2020.11.02-17.02.10:095][ 68]LogAISub: UAISubsystem::UAISubsystem AIPerceptionSystem (000001E2129A3D80), frame # 11068
[2020.11.02-17.02.10:095][ 68]LogPlayLevel: PIE: World Init took: (0.001064s)
[2020.11.02-17.02.10:095][ 68]LogPlayLevel: PIE: Created PIE world by copying editor world from /Game/InfiniteMatrix/Maps/TutorialMap.TutorialMap to /Game/InfiniteMatrix/Maps/UEDPIE_0_TutorialMap.TutorialMap (0.002637s)
[2020.11.02-17.02.10:103][ 68]LogUObjectHash: Compacting FUObjectHashTables data took   0.72ms
[2020.11.02-17.02.10:105][ 68]LogAudioMixer: Display: Audio Mixer Platform Settings:
[2020.11.02-17.02.10:105][ 68]LogAudioMixer: Display: 	Sample Rate:						  48000
[2020.11.02-17.02.10:105][ 68]LogAudioMixer: Display: 	Callback Buffer Frame Size Requested: 1024
[2020.11.02-17.02.10:105][ 68]LogAudioMixer: Display: 	Callback Buffer Frame Size To Use:	  1024
[2020.11.02-17.02.10:105][ 68]LogAudioMixer: Display: 	Number of buffers to queue:			  2
[2020.11.02-17.02.10:105][ 68]LogAudioMixer: Display: 	Max Channels (voices):				  32
[2020.11.02-17.02.10:105][ 68]LogAudioMixer: Display: 	Number of Async Source Workers:		  0
[2020.11.02-17.02.10:105][ 68]LogAudio: Display: AudioDevice MaxSources: 32
[2020.11.02-17.02.10:105][ 68]LogAudio: Display: Using built-in audio occlusion.
[2020.11.02-17.02.10:105][ 68]LogAudioMixer: Display: Initializing audio mixer.
[2020.11.02-17.02.10:113][ 68]LogAudioMixer: Display: 0: FrontLeft
[2020.11.02-17.02.10:113][ 68]LogAudioMixer: Display: 1: FrontRight
[2020.11.02-17.02.10:137][ 68]LogAudioMixer: Display: Using Audio Device MSI MAG241CR (NVIDIA High Definition Audio)
[2020.11.02-17.02.10:137][ 68]LogAudioMixer: Display: Initializing Sound Submixes...
[2020.11.02-17.02.10:138][ 68]LogAudioMixer: Display: Creating Master Submix 'MasterSubmixDefault'
[2020.11.02-17.02.10:138][ 68]LogAudioMixer: Display: Creating Master Submix 'MasterReverbSubmixDefault'
[2020.11.02-17.02.10:138][ 68]LogAudioMixer: Display: Creating Master Submix 'MasterEQSubmixDefault'
[2020.11.02-17.02.10:148][ 68]LogInit: FAudioDevice initialized.
[2020.11.02-17.02.10:152][ 68]LogLoad: Game class is 'GM_Tutorial_C'
[2020.11.02-17.02.10:153][ 68]LogWorld: Bringing World /Game/InfiniteMatrix/Maps/UEDPIE_0_TutorialMap.TutorialMap up for play (max tick rate 0) at 2020.11.02-17.02.10
[2020.11.02-17.02.10:153][ 68]LogWorld: Bringing up level for play took: 0.000351
[2020.11.02-17.02.10:153][ 68]LogOnline: OSS: Creating online subsystem instance for: :Context_6
[2020.11.02-17.02.10:155][ 68]PIE: Server logged in
[2020.11.02-17.02.10:156][ 68]PIE: Play in editor total start time 0,064 seconds.
[2020.11.02-17.02.21:587][433]LogSlate: Updating window title bar state: overlay mode, drag disabled, window buttons hidden, title bar hidden
[2020.11.02-17.02.21:587][433]LogWorld: BeginTearingDown for /Game/InfiniteMatrix/Maps/UEDPIE_0_TutorialMap
[2020.11.02-17.02.21:587][433]LogWorld: UWorld::CleanupWorld for TutorialMap, bSessionEnded=true, bCleanupResources=true
[2020.11.02-17.02.21:587][433]LogSlate: InvalidateAllWidgets triggered.  All widgets were invalidated
[2020.11.02-17.02.21:594][433]LogPlayLevel: Display: Shutting down PIE online subsystems
[2020.11.02-17.02.21:595][433]LogSlate: InvalidateAllWidgets triggered.  All widgets were invalidated
[2020.11.02-17.02.21:614][433]LogSlate: Updating window title bar state: overlay mode, drag disabled, window buttons hidden, title bar hidden
[2020.11.02-17.02.21:615][433]LogAISub: UAISubsystem::~UAISubsystem EnvQueryManager (000001E279311A00), frame # 12433
[2020.11.02-17.02.21:615][433]LogAISub: UAISubsystem::~UAISubsystem AIPerceptionSystem (000001E2129A3D80), frame # 12433
[2020.11.02-17.02.21:615][433]LogUObjectHash: Compacting FUObjectHashTables data took   0.48ms
[2020.11.02-17.02.21:655][435]LogPlayLevel: Display: Destroying online subsystem :Context_6
[2020.11.02-17.02.21:972][473]Cmd: SELECT NONE
